<?xml version="1.0" encoding="UTF-8"?>
<beans xmlns="http://www.springframework.org/schema/beans"
       xmlns:xsi="http://www.w3.org/2001/XMLSchema-instance"
       xmlns:context="http://www.springframework.org/schema/context"
       xsi:schemaLocation="http://www.springframework.org/schema/beans http://www.springframework.org/schema/beans/spring-beans-4.0.xsd
                            http://www.springframework.org/schema/context http://www.springframework.org/schema/context/spring-context-4.0.xsd">


  <context:property-placeholder ignore-unresolvable="true" location="classpath*:redis.properties"/>

  <bean id="jedisPoolConfig" class="redis.clients.jedis.JedisPoolConfig">
    <property name="maxTotal" value="${redis.pool.maxTotal}"/>
    <property name="maxIdle" value="${redis.pool.maxIdle}"/>
    <property name="minIdle" value="${redis.pool.minIdle}"/>
  </bean>

  <bean class="com.jeesuite.cache.redis.JedisProviderFactoryBean">
    <property name="jedisPoolConfig" ref="jedisPoolConfig"/>
    <!-- mode(standalone:单机模式，sentinel：哨兵模式(主从),cluster：集群模式，shard：分片模式) -->
    <property name="mode" value="${redis.mode}"/>
    <!-- 多个用“,”隔开 -->
    <property name="servers" value="${redis.servers}"/>
    <property name="password" value="${redis.password:_NULL_PLACEHOLDER_}"/>
    <property name="timeout" value="${redis.conn.timeout}"/>
    <!-- sentinel模式才需要该属性 -->
    <property name="masterName" value="${redis.masterName}"/>
  </bean>

  <!-- <bean id="group2Cache"
    class="com.jeesuite.cache.redis.JedisProviderFactoryBean">
    <property name="group" value="group2" />
    <property name="jedisPoolConfig" ref="jedisPoolConfig" />
    <property name="mode" value="${redis.mode}" />
    <property name="servers" value="${redis.servers}" />
    <property name="timeout" value="${redis.conn.timeout}" />
  </bean>  -->

  <!-- 本地一级缓存支持 -->
  <bean id="level1CacheSupport" class="com.jeesuite.cache.local.Level1CacheSupport">
    <!-- 是否启用分布式模式 -->
    <property name="distributedMode" value="true"/>
    <property name="bcastServer" value="${redis.servers}"/>
    <property name="password" value="${redis.password:_NULL_PLACEHOLDER_}"/>
    <!-- 防止多个应用使用同一个缓存的情况，出现交叉订阅缓存同步更新情况，请指定eventScope-->
    <property name="bcastScope" value="demo"/>
    <property name="cacheProvider">
      <!-- <bean class="com.jeesuite.cache.local.GuavaLevel1CacheProvider">
         <property name="maxSize" value="10000" />
         <property name="timeToLiveSeconds" value="300" />
      </bean> -->
      <bean class="com.jeesuite.cache.local.EhCacheLevel1CacheProvider">
        <property name="ehcacheName" value="level1Cache"/>
      </bean>
    </property>
    <!-- 需要本地缓存缓存组名。多个用,或;隔开 -->
    <property name="cacheNames">
      <value>UserEntity,CityEntity</value>
    </property>
  </bean>

</beans>