<?xml version="1.0" encoding="UTF-8"?>
<beans xmlns="http://www.springframework.org/schema/beans"
       xmlns:xsi="http://www.w3.org/2001/XMLSchema-instance"
       xmlns:context="http://www.springframework.org/schema/context"
       xsi:schemaLocation="http://www.springframework.org/schema/beans http://www.springframework.org/schema/beans/spring-beans-4.0.xsd
                            http://www.springframework.org/schema/context http://www.springframework.org/schema/context/spring-context-4.0.xsd">


  <context:property-placeholder
          ignore-unresolvable="true" location="classpath*:*.properties"/>

  <bean id="topicProducerProvider" class="com.jeesuite.kafka.spring.TopicProducerSpringProvider">
    <!-- 默认是否异步发送 -->
    <property name="defaultAsynSend" value="true"/>
    <!-- 标识同一集群，监控需要 -->
    <property name="producerGroup" value="demo"/>
    <!-- 开启producer监控 -->
    <property name="monitorEnabled" value="true"/>
    <!--
      延迟重试次数，默认为3。
      延迟重试与kafka自身重试不同。如果开启了延时重试、kafka重试retries建议设置为1或者0
      kafka自身重试：发送失败连续重试
      延迟重试：通过异步线程阶梯性重试。如：30秒后重试第一次、60秒后重试第二次
      延迟重试只针对异步发送模式。
    -->
    <property name="delayRetries" value="3"/>
    <property name="consumerAckEnabled" value="true"/>
    <property name="configs">
      <!-- 以下参数参考:http://kafka.apache.org/documentation.html#producerconfigs -->
      <props>
        <prop key="bootstrap.servers">${kafka.servers}</prop>
        <prop key="acks">1</prop>
        <prop key="retries">1</prop>
        <prop key="value.serializer">org.apache.kafka.common.serialization.StringSerializer</prop>
      </props>
    </property>
  </bean>


</beans>