<?xml version="1.0" encoding="UTF-8"?>
<beans xmlns="http://www.springframework.org/schema/beans"
       xmlns:xsi="http://www.w3.org/2001/XMLSchema-instance"
       xmlns:context="http://www.springframework.org/schema/context"
       xmlns:aop="http://www.springframework.org/schema/aop"
       xsi:schemaLocation="http://www.springframework.org/schema/beans http://www.springframework.org/schema/beans/spring-beans-4.0.xsd
                            http://www.springframework.org/schema/context http://www.springframework.org/schema/context/spring-context-4.0.xsd
                            http://www.springframework.org/schema/aop http://www.springframework.org/schema/aop/spring-aop-4.0.xsd">


  <context:property-placeholder
          ignore-unresolvable="true" location="classpath*:*.properties"/>
  <aop:aspectj-autoproxy/>

  <import resource="test-cache.xml"/>

  <bean id="routeDataSource" class="com.jeesuite.mybatis.datasource.MutiRouteDataSource"/>

  <bean id="transactionTemplate"
        class="org.springframework.transaction.support.TransactionTemplate">
    <property name="transactionManager" ref="transactionManager"/>
    <property name="isolationLevelName" value="ISOLATION_DEFAULT"/>
    <property name="propagationBehaviorName" value="PROPAGATION_REQUIRED"/>
  </bean>

  <bean id="transactionManager"
        class="org.springframework.jdbc.datasource.DataSourceTransactionManager">
    <property name="dataSource" ref="routeDataSource"/>
  </bean>

  <!-- 使用spring-data-redis作为mybatis自动缓存提供者 -->
  <!-- <bean class="com.jeesuite.mybatis.plugin.cache.provider.SpringRedisProvider">
    <property name="redisTemplate" ref="redisTemplate"/> <property name="stringRedisTemplate"
    ref="stringRedisTemplate" /> </bean> -->

  <bean id="routeSqlSessionFactory" class="com.jeesuite.mybatis.spring.SqlSessionFactoryBean">
    <!-- 如果包含多个数据源则需要指定groupName，默认为：default -->
    <property name="groupName" value="default"/>
    <property name="configLocation" value="classpath:mybatis-configuration.xml"/>
    <property name="mapperLocations" value="classpath:mapper/*Mapper.xml"/>
    <property name="typeAliasesPackage" value="com.jeesuite.mybatis.test.entity"/>
    <property name="dataSource" ref="routeDataSource"/>
  </bean>

  <bean class="org.mybatis.spring.mapper.MapperScannerConfigurer">
    <property name="sqlSessionFactoryBeanName" value="routeSqlSessionFactory"/>
    <property name="basePackage" value="com.jeesuite.mybatis.test.mapper"/>
  </bean>

</beans>