<?xml version="1.0" encoding="UTF-8"?>
<beans xmlns="http://www.springframework.org/schema/beans"
       xmlns:xsi="http://www.w3.org/2001/XMLSchema-instance"
       xmlns:context="http://www.springframework.org/schema/context"
       xsi:schemaLocation="http://www.springframework.org/schema/beans http://www.springframework.org/schema/beans/spring-beans.xsd


		http://www.springframework.org/schema/context http://www.springframework.org/schema/context/spring-context.xsd">

  <!-- <aop:aspectj-autoproxy/>  -->

  <context:component-scan base-package="com.jeesuite"/>
  <!-- 注册中心（集群管理） -->
  <bean id="jobRegistry" class="com.jeesuite.scheduler.registry.ZkJobRegistry">
    <property name="zkServers" value="localhost:2181"/>
  </bean>

  <bean class="com.jeesuite.scheduler.SchedulerFactoryBeanWrapper">
    <!-- 确保每个应用groupName唯一 -->
    <property name="groupName" value="demo"/>
    <!--  -->
    <property name="configPersistHandler">
      <bean class="com.jeesuite.test.sch.DbConfigPersistHandler"/>
    </property>
    <property name="registry" ref="jobRegistry"/>
    <!--
     scanPackages 和 schedulers 必配置一个
     配置了scanPackages：将扫描该包下面@ScheduleConf 标注的job并注册成任务
    -->
    <!-- 多个用“,”或者“;”隔开 -->
    <property name="scanPackages" value="com.jeesuite.test.sch"/>
    <property name="schedulers">
      <list>
        <!-- 以下配置每个任务列表 -->
        <bean class="com.jeesuite.test.sch.DemoTask2">
          <property name="jobName" value="demoTask2"/>
          <property name="retries" value="1"/>
          <!-- 0/15 * * * * ?   / 30 * * * * ? -->
          <property name="cronExpr" value="30 * * * * ?"/>
          <!-- 启动完成立即执行一次 -->
          <property name="executeOnStarted" value="false"/>
        </bean>


        <!-- <bean class="com.jeesuite.test.sch.DemoParallelTask">
          <property name="jobName" value="demoParallelTask" />
          <property name="cronExpr" value="0 0/15 * * * ?" />
        </bean> -->
      </list>
    </property>
  </bean>

</beans>